<?xml version="1.0" encoding="UTF-8" ?>
<testsuite tests="20" failures="6" name="cucumber.Options.TestRunner" time="2.723" errors="0" skipped="3">
  <properties>
    <property name="java.runtime.name" value="Java(TM) SE Runtime Environment"/>
    <property name="java.vm.version" value="15.0.1+9-18"/>
    <property name="sun.boot.library.path" value="C:\Program Files\Java\jdk-15.0.1\bin"/>
    <property name="maven.multiModuleProjectDirectory" value="C:\Users\nmani\Desktop\java\workspace\BooksAPIFramework"/>
    <property name="java.vm.vendor" value="Oracle Corporation"/>
    <property name="java.vendor.url" value="https://java.oracle.com/"/>
    <property name="guice.disable.misplaced.annotation.check" value="true"/>
    <property name="path.separator" value=";"/>
    <property name="java.vm.name" value="Java HotSpot(TM) 64-Bit Server VM"/>
    <property name="sun.os.patch.level" value=""/>
    <property name="user.script" value=""/>
    <property name="user.country" value="IN"/>
    <property name="sun.java.launcher" value="SUN_STANDARD"/>
    <property name="java.vm.specification.name" value="Java Virtual Machine Specification"/>
    <property name="user.dir" value="C:\Users\nmani\Desktop\java\workspace\BooksAPIFramework"/>
    <property name="java.vm.compressedOopsMode" value="32-bit"/>
    <property name="java.runtime.version" value="15.0.1+9-18"/>
    <property name="os.arch" value="amd64"/>
    <property name="java.io.tmpdir" value="C:\Users\nmani\AppData\Local\Temp\"/>
    <property name="line.separator" value="
"/>
    <property name="java.vm.specification.vendor" value="Oracle Corporation"/>
    <property name="user.variant" value=""/>
    <property name="os.name" value="Windows 10"/>
    <property name="classworlds.conf" value="C:\Users\nmani\Desktop\restassured\apache-maven-3.8.1-bin\apache-maven-3.8.1\bin\..\bin\m2.conf"/>
    <property name="sun.jnu.encoding" value="Cp1252"/>
    <property name="java.library.path" value="C:\Program Files\Java\jdk-15.0.1\bin;C:\WINDOWS\Sun\Java\bin;C:\WINDOWS\system32;C:\WINDOWS;C:\Program Files\Common Files\Oracle\Java\javapath;C:\Windows\system32;C:\Windows;C:\Windows\System32\Wbem;C:\Windows\System32\WindowsPowerShell\v1.0\;C:\Windows\System32\OpenSSH\;C:\Program Files (x86)\NVIDIA Corporation\PhysX\Common;C:\Program Files\NVIDIA Corporation\NVIDIA NGX;C:\Program Files\NVIDIA Corporation\NVIDIA NvDLISR;C:\WINDOWS\system32;C:\WINDOWS;C:\WINDOWS\System32\Wbem;C:\WINDOWS\System32\WindowsPowerShell\v1.0\;C:\WINDOWS\System32\OpenSSH\;C:\Program Files\Microsoft SQL Server\Client SDK\ODBC\170\Tools\Binn\;C:\Program Files (x86)\Microsoft SQL Server\150\Tools\Binn\;C:\Program Files\Microsoft SQL Server\150\Tools\Binn\;C:\Program Files\Microsoft SQL Server\150\DTS\Binn\;C:\Program Files (x86)\Microsoft SQL Server\150\DTS\Binn\;C:\Program Files\Azure Data Studio\bin;C:\Program Files\Java\jdk-15.0.1\bin;C:\strawberry\c\bin;C:\strawberry\perl\bin;C:\Program Files\nodejs\;C:\Users\nmani\Desktop\restassured\apache-maven-3.8.1-bin\apache-maven-3.8.1\bin;C:\Users\nmani\AppData\Local\Microsoft\WindowsApps;;C:\Program Files\Azure Data Studio\bin;C:\Users\nmani\AppData\Roaming\npm;."/>
    <property name="maven.conf" value="C:\Users\nmani\Desktop\restassured\apache-maven-3.8.1-bin\apache-maven-3.8.1\bin\../conf"/>
    <property name="jdk.debug" value="release"/>
    <property name="java.class.version" value="59.0"/>
    <property name="java.specification.name" value="Java Platform API Specification"/>
    <property name="sun.management.compiler" value="HotSpot 64-Bit Tiered Compilers"/>
    <property name="os.version" value="10.0"/>
    <property name="library.jansi.path" value="C:\Users\nmani\Desktop\restassured\apache-maven-3.8.1-bin\apache-maven-3.8.1\bin\..\lib\jansi-native"/>
    <property name="user.home" value="C:\Users\nmani"/>
    <property name="user.timezone" value="Asia/Calcutta"/>
    <property name="file.encoding" value="Cp1252"/>
    <property name="java.specification.version" value="15"/>
    <property name="user.name" value="nmani"/>
    <property name="java.class.path" value="C:\Users\nmani\Desktop\restassured\apache-maven-3.8.1-bin\apache-maven-3.8.1\bin\..\boot\plexus-classworlds-2.6.0.jar"/>
    <property name="java.vm.specification.version" value="15"/>
    <property name="sun.arch.data.model" value="64"/>
    <property name="sun.java.command" value="org.codehaus.plexus.classworlds.launcher.Launcher test verify"/>
    <property name="java.home" value="C:\Program Files\Java\jdk-15.0.1"/>
    <property name="user.language" value="en"/>
    <property name="java.specification.vendor" value="Oracle Corporation"/>
    <property name="java.vm.info" value="mixed mode, sharing"/>
    <property name="java.version" value="15.0.1"/>
    <property name="java.vendor" value="Oracle Corporation"/>
    <property name="maven.home" value="C:\Users\nmani\Desktop\restassured\apache-maven-3.8.1-bin\apache-maven-3.8.1\bin\.."/>
    <property name="file.separator" value="\"/>
    <property name="java.version.date" value="2020-10-20"/>
    <property name="java.vendor.url.bug" value="https://bugreport.java.com/bugreport/"/>
    <property name="sun.io.unicode.encoding" value="UnicodeLittle"/>
    <property name="sun.cpu.endian" value="little"/>
    <property name="sun.cpu.isalist" value="amd64"/>
  </properties>
  <testcase classname="Verify add book API #1" name="Add book api payload with &quot;Book1&quot; &quot;mntd5&quot; &quot;1&quot; &quot;manish&quot;" time="1.053"/>
  <testcase classname="Verify add book API #1" name="The user executes &quot;AddBookAPI&quot; with &quot;POST&quot; request" time="0.736"/>
  <testcase classname="Verify add book API #1" name="the user is returned with status code 200" time="0.007">
    <failure message="expected:&lt;404&gt; but was:&lt;200&gt;" type="java.lang.AssertionError">java.lang.AssertionError: expected:&lt;404&gt; but was:&lt;200&gt;
	at org.junit.Assert.fail(Assert.java:88)
	at org.junit.Assert.failNotEquals(Assert.java:743)
	at org.junit.Assert.assertEquals(Assert.java:118)
	at org.junit.Assert.assertEquals(Assert.java:555)
	at org.junit.Assert.assertEquals(Assert.java:542)
	at stepDefinations.BooksAPI.the_user_is_returned_with_status_code(BooksAPI.java:40)
	at ✽.the user is returned with status code 200(file:///C:/Users/nmani/Desktop/java/workspace/BooksAPIFramework/src/test/java/features/BooksAPI.feature:7)
</failure>
  </testcase>
  <testcase classname="Verify add book API #1" name="the &quot;Msg&quot; in response body is &quot;successfully added&quot;" time="0.002">
    <skipped/>
  </testcase>
  <testcase classname="Verify add book API #1" name="Verify add book API #1" time="0.005">
    <failure message="expected:&lt;404&gt; but was:&lt;200&gt;" type="java.lang.AssertionError">java.lang.AssertionError: expected:&lt;404&gt; but was:&lt;200&gt;
	at org.junit.Assert.fail(Assert.java:88)
	at org.junit.Assert.failNotEquals(Assert.java:743)
	at org.junit.Assert.assertEquals(Assert.java:118)
	at org.junit.Assert.assertEquals(Assert.java:555)
	at org.junit.Assert.assertEquals(Assert.java:542)
	at stepDefinations.BooksAPI.the_user_is_returned_with_status_code(BooksAPI.java:40)
	at ✽.the user is returned with status code 200(file:///C:/Users/nmani/Desktop/java/workspace/BooksAPIFramework/src/test/java/features/BooksAPI.feature:7)
</failure>
  </testcase>
  <testcase classname="Verify add book API #2" name="Add book api payload with &quot;Book2&quot; &quot;mntd5&quot; &quot;2&quot; &quot;manish&quot;" time="0.003"/>
  <testcase classname="Verify add book API #2" name="The user executes &quot;AddBookAPI&quot; with &quot;POST&quot; request" time="0.112"/>
  <testcase classname="Verify add book API #2" name="the user is returned with status code 200" time="0.001">
    <failure message="expected:&lt;404&gt; but was:&lt;200&gt;" type="java.lang.AssertionError">java.lang.AssertionError: expected:&lt;404&gt; but was:&lt;200&gt;
	at org.junit.Assert.fail(Assert.java:88)
	at org.junit.Assert.failNotEquals(Assert.java:743)
	at org.junit.Assert.assertEquals(Assert.java:118)
	at org.junit.Assert.assertEquals(Assert.java:555)
	at org.junit.Assert.assertEquals(Assert.java:542)
	at stepDefinations.BooksAPI.the_user_is_returned_with_status_code(BooksAPI.java:40)
	at ✽.the user is returned with status code 200(file:///C:/Users/nmani/Desktop/java/workspace/BooksAPIFramework/src/test/java/features/BooksAPI.feature:7)
</failure>
  </testcase>
  <testcase classname="Verify add book API #2" name="the &quot;Msg&quot; in response body is &quot;successfully added&quot;" time="0">
    <skipped/>
  </testcase>
  <testcase classname="Verify add book API #2" name="Verify add book API #2" time="0">
    <failure message="expected:&lt;404&gt; but was:&lt;200&gt;" type="java.lang.AssertionError">java.lang.AssertionError: expected:&lt;404&gt; but was:&lt;200&gt;
	at org.junit.Assert.fail(Assert.java:88)
	at org.junit.Assert.failNotEquals(Assert.java:743)
	at org.junit.Assert.assertEquals(Assert.java:118)
	at org.junit.Assert.assertEquals(Assert.java:555)
	at org.junit.Assert.assertEquals(Assert.java:542)
	at stepDefinations.BooksAPI.the_user_is_returned_with_status_code(BooksAPI.java:40)
	at ✽.the user is returned with status code 200(file:///C:/Users/nmani/Desktop/java/workspace/BooksAPIFramework/src/test/java/features/BooksAPI.feature:7)
</failure>
  </testcase>
  <testcase classname="Verify add book API #3" name="Add book api payload with &quot;Book3&quot; &quot;mntd5&quot; &quot;3&quot; &quot;manish&quot;" time="0.002"/>
  <testcase classname="Verify add book API #3" name="The user executes &quot;AddBookAPI&quot; with &quot;POST&quot; request" time="0.109"/>
  <testcase classname="Verify add book API #3" name="the user is returned with status code 200" time="0.001">
    <failure message="expected:&lt;404&gt; but was:&lt;200&gt;" type="java.lang.AssertionError">java.lang.AssertionError: expected:&lt;404&gt; but was:&lt;200&gt;
	at org.junit.Assert.fail(Assert.java:88)
	at org.junit.Assert.failNotEquals(Assert.java:743)
	at org.junit.Assert.assertEquals(Assert.java:118)
	at org.junit.Assert.assertEquals(Assert.java:555)
	at org.junit.Assert.assertEquals(Assert.java:542)
	at stepDefinations.BooksAPI.the_user_is_returned_with_status_code(BooksAPI.java:40)
	at ✽.the user is returned with status code 200(file:///C:/Users/nmani/Desktop/java/workspace/BooksAPIFramework/src/test/java/features/BooksAPI.feature:7)
</failure>
  </testcase>
  <testcase classname="Verify add book API #3" name="the &quot;Msg&quot; in response body is &quot;successfully added&quot;" time="0">
    <skipped/>
  </testcase>
  <testcase classname="Verify add book API #3" name="Verify add book API #3" time="0.001">
    <failure message="expected:&lt;404&gt; but was:&lt;200&gt;" type="java.lang.AssertionError">java.lang.AssertionError: expected:&lt;404&gt; but was:&lt;200&gt;
	at org.junit.Assert.fail(Assert.java:88)
	at org.junit.Assert.failNotEquals(Assert.java:743)
	at org.junit.Assert.assertEquals(Assert.java:118)
	at org.junit.Assert.assertEquals(Assert.java:555)
	at org.junit.Assert.assertEquals(Assert.java:542)
	at stepDefinations.BooksAPI.the_user_is_returned_with_status_code(BooksAPI.java:40)
	at ✽.the user is returned with status code 200(file:///C:/Users/nmani/Desktop/java/workspace/BooksAPIFramework/src/test/java/features/BooksAPI.feature:7)
</failure>
  </testcase>
  <testcase classname="Verify delete book API" name="Delete book api payload" time="0.567"/>
  <testcase classname="Verify delete book API" name="The user executes &quot;DeleteBookAPI&quot; with &quot;POST&quot; request" time="0.102"/>
  <testcase classname="Verify delete book API" name="the user is returned with status code 200" time="0"/>
  <testcase classname="Verify delete book API" name="the &quot;msg&quot; in response body is &quot;book is successfully deleted&quot;" time="0.011"/>
  <testcase classname="Verify delete book API" name="Verify delete book API" time="0.011"/>
</testsuite>