<?xml version="1.0" encoding="UTF-8" ?>
<testsuite tests="20" failures="6" name="cucumber.Options.TestRunner" time="2.723" errors="0" skipped="3">
  <properties>
[...]
</properties>
  <testcase classname="Verify add book API #1" name="Add book api payload with &quot;Book1&quot; &quot;mntd5&quot; &quot;1&quot; &quot;manish&quot;" time="1.053"/>
  <testcase classname="Verify add book API #1" name="The user executes &quot;AddBookAPI&quot; with &quot;POST&quot; request" time="0.736"/>
  <testcase classname="Verify add book API #1" name="the user is returned with status code 200" time="0.007">
    <failure message="expected:&lt;404&gt; but was:&lt;200&gt;" type="java.lang.AssertionError">java.lang.AssertionError: expected:&lt;404&gt; but was:&lt;200&gt;
	at org.junit.Assert.fail(Assert.java:88)
	at org.junit.Assert.failNotEquals(Assert.java:743)
	at org.junit.Assert.assertEquals(Assert.java:118)
	at org.junit.Assert.assertEquals(Assert.java:555)
	at org.junit.Assert.assertEquals(Assert.java:542)
	at stepDefinations.BooksAPI.the_user_is_returned_with_status_code(BooksAPI.java:40)
	at ✽.the user is returned with status code 200(file:///C:/Users/nmani/Desktop/java/workspace/BooksAPIFramework/src/test/java/features/BooksAPI.feature:7)
</failure>
  </testcase>
  <testcase classname="Verify add book API #1" name="the &quot;Msg&quot; in response body is &quot;successfully added&quot;" time="0.002">
    <skipped/>
  </testcase>
  <testcase classname="Verify add book API #1" name="Verify add book API #1" time="0.005">
    <failure message="expected:&lt;404&gt; but was:&lt;200&gt;" type="java.lang.AssertionError">java.lang.AssertionError: expected:&lt;404&gt; but was:&lt;200&gt;
	at org.junit.Assert.fail(Assert.java:88)
	at org.junit.Assert.failNotEquals(Assert.java:743)
	at org.junit.Assert.assertEquals(Assert.java:118)
	at org.junit.Assert.assertEquals(Assert.java:555)
	at org.junit.Assert.assertEquals(Assert.java:542)
	at stepDefinations.BooksAPI.the_user_is_returned_with_status_code(BooksAPI.java:40)
	at ✽.the user is returned with status code 200(file:///C:/Users/nmani/Desktop/java/workspace/BooksAPIFramework/src/test/java/features/BooksAPI.feature:7)
</failure>
  </testcase>
  <testcase classname="Verify add book API #2" name="Add book api payload with &quot;Book2&quot; &quot;mntd5&quot; &quot;2&quot; &quot;manish&quot;" time="0.003"/>
  <testcase classname="Verify add book API #2" name="The user executes &quot;AddBookAPI&quot; with &quot;POST&quot; request" time="0.112"/>
  <testcase classname="Verify add book API #2" name="the user is returned with status code 200" time="0.001">
    <failure message="expected:&lt;404&gt; but was:&lt;200&gt;" type="java.lang.AssertionError">java.lang.AssertionError: expected:&lt;404&gt; but was:&lt;200&gt;
	at org.junit.Assert.fail(Assert.java:88)
	at org.junit.Assert.failNotEquals(Assert.java:743)
	at org.junit.Assert.assertEquals(Assert.java:118)
	at org.junit.Assert.assertEquals(Assert.java:555)
	at org.junit.Assert.assertEquals(Assert.java:542)
	at stepDefinations.BooksAPI.the_user_is_returned_with_status_code(BooksAPI.java:40)
	at ✽.the user is returned with status code 200(file:///C:/Users/nmani/Desktop/java/workspace/BooksAPIFramework/src/test/java/features/BooksAPI.feature:7)
</failure>
  </testcase>
  <testcase classname="Verify add book API #2" name="the &quot;Msg&quot; in response body is &quot;successfully added&quot;" time="0">
    <skipped/>
  </testcase>
  <testcase classname="Verify add book API #2" name="Verify add book API #2" time="0">
    <failure message="expected:&lt;404&gt; but was:&lt;200&gt;" type="java.lang.AssertionError">java.lang.AssertionError: expected:&lt;404&gt; but was:&lt;200&gt;
	at org.junit.Assert.fail(Assert.java:88)
	at org.junit.Assert.failNotEquals(Assert.java:743)
	at org.junit.Assert.assertEquals(Assert.java:118)
	at org.junit.Assert.assertEquals(Assert.java:555)
	at org.junit.Assert.assertEquals(Assert.java:542)
	at stepDefinations.BooksAPI.the_user_is_returned_with_status_code(BooksAPI.java:40)
	at ✽.the user is returned with status code 200(file:///C:/Users/nmani/Desktop/java/workspace/BooksAPIFramework/src/test/java/features/BooksAPI.feature:7)
</failure>
  </testcase>
  <testcase classname="Verify add book API #3" name="Add book api payload with &quot;Book3&quot; &quot;mntd5&quot; &quot;3&quot; &quot;manish&quot;" time="0.002"/>
  <testcase classname="Verify add book API #3" name="The user executes &quot;AddBookAPI&quot; with &quot;POST&quot; request" time="0.109"/>
  <testcase classname="Verify add book API #3" name="the user is returned with status code 200" time="0.001">
    <failure message="expected:&lt;404&gt; but was:&lt;200&gt;" type="java.lang.AssertionError">java.lang.AssertionError: expected:&lt;404&gt; but was:&lt;200&gt;
	at org.junit.Assert.fail(Assert.java:88)
	at org.junit.Assert.failNotEquals(Assert.java:743)
	at org.junit.Assert.assertEquals(Assert.java:118)
	at org.junit.Assert.assertEquals(Assert.java:555)
	at org.junit.Assert.assertEquals(Assert.java:542)
	at stepDefinations.BooksAPI.the_user_is_returned_with_status_code(BooksAPI.java:40)
	at ✽.the user is returned with status code 200(file:///C:/Users/nmani/Desktop/java/workspace/BooksAPIFramework/src/test/java/features/BooksAPI.feature:7)
</failure>
  </testcase>
  <testcase classname="Verify add book API #3" name="the &quot;Msg&quot; in response body is &quot;successfully added&quot;" time="0">
    <skipped/>
  </testcase>
  <testcase classname="Verify add book API #3" name="Verify add book API #3" time="0.001">
    <failure message="expected:&lt;404&gt; but was:&lt;200&gt;" type="java.lang.AssertionError">java.lang.AssertionError: expected:&lt;404&gt; but was:&lt;200&gt;
	at org.junit.Assert.fail(Assert.java:88)
	at org.junit.Assert.failNotEquals(Assert.java:743)
	at org.junit.Assert.assertEquals(Assert.java:118)
	at org.junit.Assert.assertEquals(Assert.java:555)
	at org.junit.Assert.assertEquals(Assert.java:542)
	at stepDefinations.BooksAPI.the_user_is_returned_with_status_code(BooksAPI.java:40)
	at ✽.the user is returned with status code 200(file:///C:/Users/nmani/Desktop/java/workspace/BooksAPIFramework/src/test/java/features/BooksAPI.feature:7)
</failure>
  </testcase>
  <testcase classname="Verify delete book API" name="Delete book api payload" time="0.567"/>
  <testcase classname="Verify delete book API" name="The user executes &quot;DeleteBookAPI&quot; with &quot;POST&quot; request" time="0.102"/>
  <testcase classname="Verify delete book API" name="the user is returned with status code 200" time="0"/>
  <testcase classname="Verify delete book API" name="the &quot;msg&quot; in response body is &quot;book is successfully deleted&quot;" time="0.011"/>
  <testcase classname="Verify delete book API" name="Verify delete book API" time="0.011"/>
</testsuite>